<?xml version="1.0" encoding="UTF-8"?>
<testsuite name="successfully create users" tests="1" skipped="1" failures="0" errors="0" timestamp="2022-11-12T00:17:40" hostname="DESKTOP-SHN3JOM" time="0.019">
  <properties/>
  <testcase name="create an user successfully" classname="successfully create users" time="0.019">
    <skipped/>
  </testcase>
  <system-out><![CDATA[]]></system-out>
  <system-err><![CDATA[[Test worker] INFO net.thucydides.core.steps.ConsoleLoggingListener - TEST PENDING
[Test worker] INFO net.thucydides.core.steps.ConsoleLoggingListener - 
          __  _____ _____ ____ _____   ____  _____ _   _ ____ ___ _   _  ____ 
 _       / / |_   _| ____/ ___|_   _| |  _ \| ____| \ | |  _ \_ _| \ | |/ ___|
(_)____ / /    | | |  _| \___ \ | |   | |_) |  _| |  \| | | | | ||  \| | |  _ 
 |_____/ /     | | | |___ ___) || |   |  __/| |___| |\  | |_| | || |\  | |_| |
(_)   /_/      |_| |_____|____/ |_|   |_|   |_____|_| \_|____/___|_| \_|\____|
                                                                                

TEST PENDING: create an user successfully
---------------------------------------------------------------------------------
]]></system-err>
</testsuite>
