<?xml version="1.0" encoding="UTF-8"?>
<testsuite name="co.com.empresamao.areait.advantageMobile.runners.CreateUsers" tests="0" skipped="0" failures="0" errors="0" timestamp="1970-01-01T00:00:00" hostname="NIDO-LAPTOP" time="0.0">
  <properties/>
  <system-out><![CDATA[
?[31mFailed scenarios:?[0m
?[31msrc/test/resources/Features/create_users.feature:15 ?[0m# create an user successfully

1 Scenarios (?[31m1 failed?[0m)
3 Steps (?[31m1 failed?[0m, ?[36m1 skipped?[0m, ?[32m1 passed?[0m)
0m30,122s

java.lang.NullPointerException
	at net.serenitybdd.core.injectors.EnvironmentDependencyInjector.matchingFieldsIn(EnvironmentDependencyInjector.java:88)
	at net.serenitybdd.core.injectors.EnvironmentDependencyInjector.injectDependenciesInto(EnvironmentDependencyInjector.java:32)
	at net.thucydides.core.steps.PageObjectDependencyInjector.injectDependenciesInto(PageObjectDependencyInjector.java:28)
	at net.thucydides.core.steps.StepFactory.injectOtherDependenciesInto(StepFactory.java:180)
	at net.thucydides.core.steps.StepFactory.instantiateUniqueStepLibraryFor(StepFactory.java:197)
	at net.thucydides.core.steps.StepFactory.getUniqueStepLibraryFor(StepFactory.java:129)
	at net.serenitybdd.screenplay.Tasks.instrumented(Tasks.java:12)
	at net.serenitybdd.screenplay.actions.Enter.into(Enter.java:32)
	at co.com.empresamao.areait.advantageMobile.tasks.CreateUser.performAs(CreateUser.java:91)
	at co.com.empresamao.areait.advantageMobile.tasks.CreateUser$ByteBuddy$d8Ab9hRM.performAs$accessor$gsaiDNrg(Unknown Source)
	at sun.reflect.NativeMethodAccessorImpl.invoke0(Native Method)
	at sun.reflect.NativeMethodAccessorImpl.invoke(NativeMethodAccessorImpl.java:62)
	at sun.reflect.DelegatingMethodAccessorImpl.invoke(DelegatingMethodAccessorImpl.java:43)
	at java.lang.reflect.Method.invoke(Method.java:498)
	at net.thucydides.core.steps.StepInterceptor.invokeMethod(StepInterceptor.java:466)
	at net.thucydides.core.steps.StepInterceptor.executeTestStepMethod(StepInterceptor.java:450)
	at net.thucydides.core.steps.StepInterceptor.runTestStep(StepInterceptor.java:425)
	at net.thucydides.core.steps.StepInterceptor.runOrSkipMethod(StepInterceptor.java:180)
	at net.thucydides.core.steps.StepInterceptor.testStepResult(StepInterceptor.java:167)
	at net.thucydides.core.steps.StepInterceptor.intercept(StepInterceptor.java:74)
	at co.com.empresamao.areait.advantageMobile.tasks.CreateUser$ByteBuddy$d8Ab9hRM.performAs(Unknown Source)
	at net.serenitybdd.screenplay.Actor.performTask(Actor.java:233)
	at net.serenitybdd.screenplay.Actor.perform(Actor.java:214)
	at net.serenitybdd.screenplay.Actor.attemptsTo(Actor.java:171)
	at co.com.empresamao.areait.advantageMobile.stepdefinitions.CreateUserSteps.iEnterTheInformationToCreateTheUser(CreateUserSteps.java:28)
	at ?.I enter the information to create The user(src/test/resources/Features/create_users.feature:8)

]]></system-out>
  <system-err><![CDATA[[Test worker] INFO net.thucydides.core.steps.ConsoleLoggingListener - 

-------------------------------------------------------------------------------------
     _______. _______ .______       _______ .__   __.  __  .___________.____    ____ 
    /       ||   ____||   _  \     |   ____||  \ |  | |  | |           |\   \  /   / 
   |   (----`|  |__   |  |_)  |    |  |__   |   \|  | |  | `---|  |----` \   \/   /  
    \   \    |   __|  |      /     |   __|  |  . `  | |  |     |  |       \_    _/   
.----)   |   |  |____ |  |\  \----.|  |____ |  |\   | |  |     |  |         |  |     
|_______/    |_______|| _| `._____||_______||__| \__| |__|     |__|         |__|    
                                                                                     
 News and tutorials at http://www.serenity-bdd.info                                  
 Documentation at https://wakaleo.gitbooks.io/the-serenity-book/content/             
 Join the Serenity Community on Rocket Chat at https://serenity-bdd.rocket.chat      
 Serenity BDD Support and Training at http://serenity-bdd.info/#/trainingandsupport  
 Learn Serenity BDD online at http://serenity-dojo.com                               
-------------------------------------------------------------------------------------

[Test worker] INFO net.thucydides.core.steps.ConsoleLoggingListener - Test Suite Started: successful login users
[Test worker] INFO net.thucydides.core.steps.ConsoleLoggingListener - 
 _____ _____ ____ _____   ____ _____  _    ____ _____ _____ ____  
|_   _| ____/ ___|_   _| / ___|_   _|/ \  |  _ \_   _| ____|  _ \ 
  | | |  _| \___ \ | |   \___ \ | | / _ \ | |_) || | |  _| | | | |
  | | | |___ ___) || |    ___) || |/ ___ \|  _ < | | | |___| |_| |
  |_| |_____|____/ |_|   |____/ |_/_/   \_\_| \_\|_| |_____|____/ 
                                                                  

TEST STARTED: create an user successfully
-------------------------------------------------------------------(successful-login-users;create-an-user-successfully)
]]></system-err>
</testsuite>
