<?xml version="1.0" encoding="UTF-8"?>
<testsuite name="successful login users" tests="1" skipped="0" failures="0" errors="0" timestamp="2022-12-12T23:47:10" hostname="DESKTOP-SHN3JOM" time="43.325">
  <properties/>
  <testcase name="create an user successfully" classname="successful login users" time="43.325"/>
  <system-out><![CDATA[]]></system-out>
  <system-err><![CDATA[dic 12, 2022 6:47:11 PM org.openqa.selenium.remote.DesiredCapabilities chrome
INFORMACIÓN: Using `new ChromeOptions()` is preferred to `DesiredCapabilities.chrome()`
Starting ChromeDriver 108.0.5359.71 (1e0e3868ee06e91ad636a874420e3ca3ae3756ac-refs/branch-heads/5359@{#1016}) on port 64906
Only local connections are allowed.
Please see https://chromedriver.chromium.org/security-considerations for suggestions on keeping ChromeDriver safe.
ChromeDriver was started successfully.
dic 12, 2022 6:47:14 PM org.openqa.selenium.remote.ProtocolHandshake createSession
INFORMACIÓN: Detected dialect: W3C
]]></system-err>
</testsuite>
